Arguments: 
  /usr/local/bin/node /opt/yarn-v1.5.1/bin/yarn.js start

PATH: 
  /usr/local/sbin:/usr/local/bin:/usr/sbin:/usr/bin:/sbin:/bin

Yarn version: 
  1.5.1

Node version: 
  9.9.0

Platform: 
  linux x64

npm manifest: 
  {
    "name": "fetchq-demo-app",
    "version": "1.0.0",
    "description": "Runs a FetchQ worker app",
    "main": "index.js",
    "scripts": {
      "start": "NODE_ENV=development nodemon --watch index.js --watch src --watch /node-client -e js index",
      "test": "./node_modules/mocha/bin/mocha --watch",
      "lint": "./node_modules/.bin/eslint index.js"
    },
    "repository": {
      "type": "git",
      "url": "https://waffle.io/marcopeg/fetchq"
    },
    "keywords": [
      "fetchq",
      "rest",
      "client"
    ],
    "author": "Marco Pegoraro",
    "license": "MIT",
    "devDependencies": {
      "babel-eslint": "^8.2.3",
      "eslint": "^4.19.1",
      "eslint-config-react-app": "^2.1.0",
      "eslint-plugin-flowtype": "^2.49.3",
      "eslint-plugin-import": "^2.12.0",
      "eslint-plugin-jsx-a11y": "^6.0.3",
      "eslint-plugin-react": "^7.9.1",
      "nodemon": "^1.17.5"
    },
    "dependencies": {
      "@marcopeg/utils": "^1.9.0",
      "moment": "^2.22.2",
      "node-env-file": "^0.1.8",
      "winston": "^2.4.2"
    }
  }

yarn manifest: 
  No manifest

Lockfile: 
  No lockfile

Trace: 
  Error: Command failed.
  Exit code: 127
  Command: sh
  Arguments: -c NODE_ENV=development nodemon --watch index.js --watch src --watch /node-client -e js index
  Directory: /usr/src/app
  Output:
  
      at ProcessTermError.MessageError (/opt/yarn-v1.5.1/lib/cli.js:186:110)
      at new ProcessTermError (/opt/yarn-v1.5.1/lib/cli.js:226:113)
      at ChildProcess.<anonymous> (/opt/yarn-v1.5.1/lib/cli.js:30281:17)
      at ChildProcess.emit (events.js:180:13)
      at maybeClose (internal/child_process.js:936:16)
      at Process.ChildProcess._handle.onexit (internal/child_process.js:220:5)
